<?xml version="1.0" encoding="UTF-8"?>
<coverage generated="1642626898886" clover="3.2.0">
  <project timestamp="1642626898886" name="All files">
    <metrics statements="5" coveredstatements="2" conditionals="0" coveredconditionals="0" methods="3" coveredmethods="0" elements="8" coveredelements="2" complexity="0" loc="5" ncloc="5" packages="1" files="1" classes="1"/>
    <file name="mock.js" path="D:\01 MICROVERSE\M02 - PROJECTS\To-Do-List\mock.js">
      <metrics statements="5" coveredstatements="2" conditionals="0" coveredconditionals="0" methods="3" coveredmethods="0"/>
      <line num="1" count="1" type="stmt"/>
      <line num="4" count="0" type="stmt"/>
      <line num="11" count="0" type="stmt"/>
      <line num="21" count="0" type="stmt"/>
      <line num="32" count="1" type="stmt"/>
    </file>
  </project>
</coverage>
