{"D:\\01 MICROVERSE\\M02 - PROJECTS\\To-Do-List\\mock.js": {"path":"D:\\01 MICROVERSE\\M02 - PROJECTS\\To-Do-List\\mock.js","statementMap":{"0":{"start":{"line":1,"column":19},"end":{"line":1,"column":21}},"1":{"start":{"line":4,"column":15},"end":{"line":9,"column":3}},"2":{"start":{"line":11,"column":2},"end":{"line":11,"column":26}},"3":{"start":{"line":21,"column":2},"end":{"line":21,"column":68}},"4":{"start":{"line":21,"column":47},"end":{"line":21,"column":66}},"5":{"start":{"line":32,"column":0},"end":{"line":32,"column":40}}},"fnMap":{"0":{"name":"addTaskToArray","decl":{"start":{"line":3,"column":9},"end":{"line":3,"column":23}},"loc":{"start":{"line":3,"column":34},"end":{"line":18,"column":1}},"line":3},"1":{"name":"deleteTaskWith","decl":{"start":{"line":20,"column":9},"end":{"line":20,"column":23}},"loc":{"start":{"line":20,"column":32},"end":{"line":23,"column":1}},"line":20},"2":{"name":"(anonymous_2)","decl":{"start":{"line":21,"column":37},"end":{"line":21,"column":38}},"loc":{"start":{"line":21,"column":47},"end":{"line":21,"column":66}},"line":21}},"branchMap":{},"s":{"0":1,"1":0,"2":0,"3":0,"4":0,"5":1},"f":{"0":0,"1":0,"2":0},"b":{},"_coverageSchema":"1a1c01bbd47fc00a2c39e90264f33305004495a9","hash":"499cd3392f6f4dd97fc7123f900dc8639dbd2d72"}
}
